<?xml version="1.0" encoding="UTF-8"?>
<coverage generated="1677611497681" clover="3.2.0">
  <project timestamp="1677611497682" name="All files">
    <metrics statements="10" coveredstatements="10" conditionals="8" coveredconditionals="8" methods="3" coveredmethods="3" elements="21" coveredelements="21" complexity="0" loc="10" ncloc="10" packages="1" files="2" classes="2"/>
    <file name="calculate.js" path="/home/user/Desktop/netology/jest/src/calculate.js">
      <metrics statements="2" coveredstatements="2" conditionals="2" coveredconditionals="2" methods="2" coveredmethods="2"/>
      <line num="2" count="4" type="stmt"/>
      <line num="4" count="2" type="cond" truecount="2" falsecount="0"/>
    </file>
    <file name="cashback.js" path="/home/user/Desktop/netology/jest/src/cashback.js">
      <metrics statements="8" coveredstatements="8" conditionals="6" coveredconditionals="6" methods="1" coveredmethods="1"/>
      <line num="1" count="1" type="stmt"/>
      <line num="17" count="4" type="cond" truecount="2" falsecount="0"/>
      <line num="18" count="1" type="stmt"/>
      <line num="20" count="3" type="cond" truecount="2" falsecount="0"/>
      <line num="21" count="1" type="stmt"/>
      <line num="23" count="2" type="cond" truecount="2" falsecount="0"/>
      <line num="24" count="1" type="stmt"/>
      <line num="27" count="1" type="stmt"/>
    </file>
  </project>
</coverage>
